2026-01-22 18:44:44,817 - INFO - 程序开始执行 - 共 2 名员工，4 个表单
2026-01-22 18:44:48,037 - INFO - 初始化机器人 - 员工: 张三 (一中队, 001)
2026-01-22 18:44:48,038 - INFO - ==================================================
2026-01-22 18:44:48,038 - INFO - 开始为员工 张三 填写所有表单
2026-01-22 18:44:48,038 - INFO - 开始填写表单: 应急培训考核
2026-01-22 18:44:49,373 - INFO - 打开表单页面: https://ks.wjx.com/vm/Q0VHnVb.aspx#
2026-01-22 18:44:51,578 - INFO - 填写用户信息
2026-01-22 18:44:51,887 - INFO - 用户信息填写完成
2026-01-22 18:44:51,887 - INFO - ✓ 应急培训考核 填写完成
2026-01-22 18:44:52,501 - INFO - 开始填写表单: 开机岗位
2026-01-22 18:44:52,907 - INFO - 打开表单页面: https://ks.wjx.com/vm/OBNmNYV.aspx#
2026-01-22 18:44:56,402 - INFO - 填写用户信息
2026-01-22 18:44:56,623 - INFO - 用户信息填写完成
2026-01-22 18:44:56,623 - INFO - ✓ 开机岗位 填写完成
2026-01-22 18:44:57,175 - INFO - 开始填写表单: 防爆
2026-01-22 18:44:57,639 - INFO - 打开表单页面: https://ks.wjx.com/vm/QibhJmV.aspx#
2026-01-22 18:45:01,109 - INFO - 填写用户信息
2026-01-22 18:45:01,407 - INFO - 用户信息填写完成
2026-01-22 18:45:01,407 - INFO - ✓ 防爆 填写完成
2026-01-22 18:45:02,300 - INFO - 开始填写表单: 证件、人身
2026-01-22 18:45:02,736 - INFO - 打开表单页面: https://ks.wjx.com/vm/txGRedN.aspx#
2026-01-22 18:45:06,357 - INFO - 填写用户信息
2026-01-22 18:45:06,675 - INFO - 用户信息填写完成
2026-01-22 18:45:06,675 - INFO - ✓ 证件、人身 填写完成
2026-01-22 18:45:06,675 - INFO - ==================================================
2026-01-22 18:45:06,675 - INFO - 员工 张三 表单填写汇总:
2026-01-22 18:45:06,675 - INFO -   成功: 4/4
2026-01-22 18:45:08,814 - INFO - 初始化机器人 - 员工: 李四 (二中队, 002)
2026-01-22 18:45:08,816 - INFO - ==================================================
2026-01-22 18:45:08,816 - INFO - 开始为员工 李四 填写所有表单
2026-01-22 18:45:08,816 - INFO - 开始填写表单: 应急培训考核
2026-01-22 18:45:09,270 - INFO - 打开表单页面: https://ks.wjx.com/vm/Q0VHnVb.aspx#
2026-01-22 18:45:11,003 - INFO - 填写用户信息
2026-01-22 18:45:11,203 - INFO - 用户信息填写完成
2026-01-22 18:45:11,204 - INFO - ✓ 应急培训考核 填写完成
2026-01-22 18:45:11,737 - INFO - 开始填写表单: 开机岗位
2026-01-22 18:45:12,058 - INFO - 打开表单页面: https://ks.wjx.com/vm/OBNmNYV.aspx#
2026-01-22 18:45:15,297 - INFO - 填写用户信息
2026-01-22 18:45:15,507 - INFO - 用户信息填写完成
2026-01-22 18:45:15,508 - INFO - ✓ 开机岗位 填写完成
2026-01-22 18:45:16,229 - INFO - 开始填写表单: 防爆
2026-01-22 18:45:16,734 - INFO - 打开表单页面: https://ks.wjx.com/vm/QibhJmV.aspx#
2026-01-22 18:45:20,439 - INFO - 填写用户信息
2026-01-22 18:45:20,707 - INFO - 用户信息填写完成
2026-01-22 18:45:20,707 - INFO - ✓ 防爆 填写完成
2026-01-22 18:45:21,526 - INFO - 开始填写表单: 证件、人身
2026-01-22 18:45:21,954 - INFO - 打开表单页面: https://ks.wjx.com/vm/txGRedN.aspx#
2026-01-22 18:45:24,512 - INFO - 填写用户信息
2026-01-22 18:45:24,713 - INFO - 用户信息填写完成
2026-01-22 18:45:24,713 - INFO - ✓ 证件、人身 填写完成
2026-01-22 18:45:24,713 - INFO - ==================================================
2026-01-22 18:45:24,713 - INFO - 员工 李四 表单填写汇总:
2026-01-22 18:45:24,713 - INFO -   成功: 4/4
2026-01-22 18:45:27,831 - INFO - 程序执行完成，浏览器已关闭
2026-01-22 23:08:31,830 - INFO - 程序开始执行 - 共 2 名员工，4 个表单
2026-01-22 23:08:36,180 - INFO - 初始化机器人 - 员工: 张三 (一中队, 001)
2026-01-22 23:08:36,181 - INFO - ==================================================
2026-01-22 23:08:36,181 - INFO - 开始为员工 张三 填写所有表单
2026-01-22 23:08:36,181 - INFO - 开始填写表单: 应急培训考核
2026-01-22 23:08:37,385 - INFO - 打开表单页面: https://ks.wjx.com/vm/Q0VHnVb.aspx#
2026-01-22 23:08:39,407 - INFO - 填写用户信息
2026-01-22 23:08:39,868 - INFO - 用户信息填写完成
2026-01-22 23:08:39,869 - INFO - ✓ 应急培训考核 填写完成
2026-01-22 23:08:40,645 - INFO - 开始填写表单: 开机岗位
2026-01-22 23:08:41,071 - INFO - 打开表单页面: https://ks.wjx.com/vm/OBNmNYV.aspx#
2026-01-22 23:08:44,372 - INFO - 填写用户信息
2026-01-22 23:08:44,595 - INFO - 用户信息填写完成
2026-01-22 23:08:44,595 - INFO - ✓ 开机岗位 填写完成
2026-01-22 23:08:45,113 - INFO - 开始填写表单: 防爆
2026-01-22 23:08:45,439 - INFO - 打开表单页面: https://ks.wjx.com/vm/QibhJmV.aspx#
2026-01-22 23:08:49,009 - INFO - 填写用户信息
2026-01-22 23:08:49,217 - INFO - 用户信息填写完成
2026-01-22 23:08:49,218 - INFO - ✓ 防爆 填写完成
2026-01-22 23:08:50,099 - INFO - 开始填写表单: 证件、人身
2026-01-22 23:08:50,540 - INFO - 打开表单页面: https://ks.wjx.com/vm/txGRedN.aspx#
2026-01-22 23:08:53,138 - INFO - 填写用户信息
2026-01-22 23:08:53,389 - INFO - 用户信息填写完成
2026-01-22 23:08:53,390 - INFO - ✓ 证件、人身 填写完成
2026-01-22 23:08:53,390 - INFO - ==================================================
2026-01-22 23:08:53,390 - INFO - 员工 张三 表单填写汇总:
2026-01-22 23:08:53,390 - INFO -   成功: 4/4
2026-01-22 23:08:56,384 - INFO - 初始化机器人 - 员工: 李四 (二中队, 002)
2026-01-22 23:08:56,385 - INFO - ==================================================
2026-01-22 23:08:56,385 - INFO - 开始为员工 李四 填写所有表单
2026-01-22 23:08:56,385 - INFO - 开始填写表单: 应急培训考核
2026-01-22 23:08:56,800 - INFO - 打开表单页面: https://ks.wjx.com/vm/Q0VHnVb.aspx#
2026-01-22 23:08:58,333 - INFO - 填写用户信息
2026-01-22 23:08:58,558 - INFO - 用户信息填写完成
2026-01-22 23:08:58,559 - INFO - ✓ 应急培训考核 填写完成
2026-01-22 23:08:59,377 - INFO - 开始填写表单: 开机岗位
2026-01-22 23:08:59,780 - INFO - 打开表单页面: https://ks.wjx.com/vm/OBNmNYV.aspx#
2026-01-22 23:09:02,997 - INFO - 填写用户信息
2026-01-22 23:09:03,201 - INFO - 用户信息填写完成
2026-01-22 23:09:03,201 - INFO - ✓ 开机岗位 填写完成
2026-01-22 23:09:03,909 - INFO - 开始填写表单: 防爆
2026-01-22 23:09:04,357 - INFO - 打开表单页面: https://ks.wjx.com/vm/QibhJmV.aspx#
2026-01-22 23:09:07,814 - INFO - 填写用户信息
2026-01-22 23:09:08,037 - INFO - 用户信息填写完成
2026-01-22 23:09:08,037 - INFO - ✓ 防爆 填写完成
2026-01-22 23:09:08,643 - INFO - 开始填写表单: 证件、人身
2026-01-22 23:09:08,960 - INFO - 打开表单页面: https://ks.wjx.com/vm/txGRedN.aspx#
2026-01-22 23:09:11,581 - INFO - 填写用户信息
2026-01-22 23:09:11,789 - INFO - 用户信息填写完成
2026-01-22 23:09:11,789 - INFO - ✓ 证件、人身 填写完成
2026-01-22 23:09:11,789 - INFO - ==================================================
2026-01-22 23:09:11,789 - INFO - 员工 李四 表单填写汇总:
2026-01-22 23:09:11,789 - INFO -   成功: 4/4
2026-01-22 23:09:14,605 - INFO - 程序执行完成，浏览器已关闭
2026-04-26 18:03:36,346 - INFO - 程序开始执行 - 共 2 名员工，4 个表单
2026-04-26 18:15:40,626 - INFO - 程序开始执行 - 共 2 名员工，4 个表单
2026-04-26 18:18:26,371 - INFO - 程序开始执行 - 共 2 名员工，4 个表单
2026-04-26 18:28:47,018 - INFO - 程序开始执行 - 共 2 名员工，4 个表单
2026-04-26 18:28:51,099 - INFO - 初始化机器人 - 员工: 张三 (一中队, 001)
2026-04-26 18:28:51,100 - INFO - ==================================================
2026-04-26 18:28:51,100 - INFO - 开始为员工 张三 填写所有表单
2026-04-26 18:28:51,100 - INFO - 开始填写表单: 应急培训考核
2026-04-26 18:28:52,302 - INFO - 打开表单页面: https://ks.wjx.com/vm/Q0VHnVb.aspx#
2026-04-26 18:28:54,273 - INFO - 填写用户信息
2026-04-26 18:28:54,573 - INFO - 用户信息填写完成
2026-04-26 18:28:54,574 - INFO - ✓ 应急培训考核 填写完成
2026-04-26 18:28:55,293 - INFO - 开始填写表单: 开机岗位
2026-04-26 18:28:55,769 - INFO - 打开表单页面: https://ks.wjx.com/vm/OBNmNYV.aspx#
2026-04-26 18:28:59,067 - INFO - 填写用户信息
2026-04-26 18:28:59,227 - INFO - 用户信息填写完成
2026-04-26 18:28:59,227 - INFO - ✓ 开机岗位 填写完成
2026-04-26 18:29:00,073 - INFO - 开始填写表单: 防爆
2026-04-26 18:29:00,216 - INFO - 打开表单页面: https://ks.wjx.com/vm/QibhJmV.aspx#
2026-04-26 18:29:03,849 - INFO - 填写用户信息
2026-04-26 18:29:04,006 - INFO - 用户信息填写完成
2026-04-26 18:29:04,006 - INFO - ✓ 防爆 填写完成
2026-04-26 18:29:04,815 - INFO - 开始填写表单: 证件、人身
2026-04-26 18:29:05,218 - INFO - 打开表单页面: https://ks.wjx.com/vm/txGRedN.aspx#
2026-04-26 18:29:07,936 - INFO - 填写用户信息
2026-04-26 18:29:08,108 - INFO - 用户信息填写完成
2026-04-26 18:29:08,108 - INFO - ✓ 证件、人身 填写完成
2026-04-26 18:29:08,108 - INFO - ==================================================
2026-04-26 18:29:08,108 - INFO - 员工 张三 表单填写汇总:
2026-04-26 18:29:08,108 - INFO -   成功: 4/4
2026-04-26 18:29:10,948 - INFO - 初始化机器人 - 员工: 李四 (二中队, 002)
2026-04-26 18:29:10,948 - INFO - ==================================================
2026-04-26 18:29:10,948 - INFO - 开始为员工 李四 填写所有表单
2026-04-26 18:29:10,948 - INFO - 开始填写表单: 应急培训考核
2026-04-26 18:29:11,389 - INFO - 打开表单页面: https://ks.wjx.com/vm/Q0VHnVb.aspx#
2026-04-26 18:29:12,999 - INFO - 填写用户信息
2026-04-26 18:29:13,156 - INFO - 用户信息填写完成
2026-04-26 18:29:13,156 - INFO - ✓ 应急培训考核 填写完成
2026-04-26 18:29:13,769 - INFO - 开始填写表单: 开机岗位
2026-04-26 18:29:14,086 - INFO - 打开表单页面: https://ks.wjx.com/vm/OBNmNYV.aspx#
2026-04-26 18:29:17,177 - INFO - 填写用户信息
2026-04-26 18:29:17,326 - INFO - 用户信息填写完成
2026-04-26 18:29:17,326 - INFO - ✓ 开机岗位 填写完成
2026-04-26 18:29:18,008 - INFO - 开始填写表单: 防爆
2026-04-26 18:29:18,397 - INFO - 打开表单页面: https://ks.wjx.com/vm/QibhJmV.aspx#
2026-04-26 18:29:21,888 - INFO - 填写用户信息
2026-04-26 18:29:22,042 - INFO - 用户信息填写完成
2026-04-26 18:29:22,042 - INFO - ✓ 防爆 填写完成
2026-04-26 18:29:22,931 - INFO - 开始填写表单: 证件、人身
2026-04-26 18:29:23,070 - INFO - 打开表单页面: https://ks.wjx.com/vm/txGRedN.aspx#
2026-04-26 18:29:25,825 - INFO - 填写用户信息
2026-04-26 18:29:25,972 - INFO - 用户信息填写完成
2026-04-26 18:29:25,973 - INFO - ✓ 证件、人身 填写完成
2026-04-26 18:29:25,973 - INFO - ==================================================
2026-04-26 18:29:25,973 - INFO - 员工 李四 表单填写汇总:
2026-04-26 18:29:25,973 - INFO -   成功: 4/4
2026-04-26 18:29:29,211 - INFO - 程序执行完成，浏览器已关闭
2026-04-26 21:13:15,981 - INFO - 程序开始执行 - 共 2 名员工，4 个表单
2026-04-26 21:13:18,404 - INFO - 初始化机器人 - 员工: 张三 (一中队, 001)
2026-04-26 21:13:18,404 - INFO - ==================================================
2026-04-26 21:13:18,404 - INFO - 开始为员工 张三 填写所有表单
2026-04-26 21:13:18,404 - INFO - 开始填写表单: 应急培训考核
2026-04-26 21:13:20,038 - INFO - 打开表单页面: https://ks.wjx.com/vm/Q0VHnVb.aspx#
2026-04-26 21:13:22,382 - INFO - 填写用户信息
2026-04-26 21:13:22,770 - INFO - 用户信息填写完成
2026-04-26 21:13:22,770 - INFO - ✓ 应急培训考核 填写完成
2026-04-26 21:13:23,384 - INFO - 开始填写表单: 开机岗位
2026-04-26 21:13:23,890 - INFO - 打开表单页面: https://ks.wjx.com/vm/OBNmNYV.aspx#
2026-04-26 21:13:27,188 - INFO - 填写用户信息
2026-04-26 21:13:27,356 - INFO - 用户信息填写完成
2026-04-26 21:13:27,357 - INFO - ✓ 开机岗位 填写完成
2026-04-26 21:13:27,963 - INFO - 开始填写表单: 防爆
2026-04-26 21:13:28,398 - INFO - 打开表单页面: https://ks.wjx.com/vm/QibhJmV.aspx#
2026-04-26 21:13:31,756 - INFO - 填写用户信息
2026-04-26 21:13:31,971 - INFO - 用户信息填写完成
2026-04-26 21:13:31,971 - INFO - ✓ 防爆 填写完成
2026-04-26 21:13:32,891 - INFO - 开始填写表单: 证件、人身
2026-04-26 21:13:33,279 - INFO - 打开表单页面: https://ks.wjx.com/vm/txGRedN.aspx#
2026-04-26 21:13:36,182 - INFO - 填写用户信息
2026-04-26 21:13:36,332 - INFO - 用户信息填写完成
2026-04-26 21:13:36,332 - INFO - ✓ 证件、人身 填写完成
2026-04-26 21:13:36,332 - INFO - ==================================================
2026-04-26 21:13:36,332 - INFO - 员工 张三 表单填写汇总:
2026-04-26 21:13:36,332 - INFO -   成功: 4/4
2026-04-26 21:13:38,542 - INFO - 初始化机器人 - 员工: 李四 (二中队, 002)
2026-04-26 21:13:38,542 - INFO - ==================================================
2026-04-26 21:13:38,542 - INFO - 开始为员工 李四 填写所有表单
2026-04-26 21:13:38,542 - INFO - 开始填写表单: 应急培训考核
2026-04-26 21:13:39,078 - INFO - 打开表单页面: https://ks.wjx.com/vm/Q0VHnVb.aspx#
2026-04-26 21:13:40,570 - INFO - 填写用户信息
2026-04-26 21:13:40,706 - INFO - 用户信息填写完成
2026-04-26 21:13:40,706 - INFO - ✓ 应急培训考核 填写完成
2026-04-26 21:13:41,300 - INFO - 开始填写表单: 开机岗位
2026-04-26 21:13:41,721 - INFO - 打开表单页面: https://ks.wjx.com/vm/OBNmNYV.aspx#
2026-04-26 21:13:45,658 - INFO - 填写用户信息
2026-04-26 21:13:45,816 - INFO - 用户信息填写完成
2026-04-26 21:13:45,816 - INFO - ✓ 开机岗位 填写完成
2026-04-26 21:13:46,556 - INFO - 开始填写表单: 防爆
2026-04-26 21:13:47,003 - INFO - 打开表单页面: https://ks.wjx.com/vm/QibhJmV.aspx#
2026-04-26 21:13:50,263 - INFO - 填写用户信息
2026-04-26 21:13:50,415 - INFO - 用户信息填写完成
2026-04-26 21:13:50,417 - INFO - ✓ 防爆 填写完成
2026-04-26 21:13:51,063 - INFO - 开始填写表单: 证件、人身
2026-04-26 21:13:51,557 - INFO - 打开表单页面: https://ks.wjx.com/vm/txGRedN.aspx#
2026-04-26 21:13:54,338 - INFO - 填写用户信息
2026-04-26 21:13:54,503 - INFO - 用户信息填写完成
2026-04-26 21:13:54,503 - INFO - ✓ 证件、人身 填写完成
2026-04-26 21:13:54,503 - INFO - ==================================================
2026-04-26 21:13:54,503 - INFO - 员工 李四 表单填写汇总:
2026-04-26 21:13:54,503 - INFO -   成功: 4/4
2026-04-26 21:13:57,625 - INFO - 程序执行完成，浏览器已关闭
